[2014-07-23 22:58:47.646] [INFO] SecureMail - SecureMail application opened
[2014-07-23 22:59:00.363] [INFO] SecureMail - Attempting to log in user: andrewihassan@gmail.com
[2014-07-23 22:59:00.366] [INFO] SecureMail - User andrewihassan@gmail.comlogged in.
[2014-07-23 23:07:33.814] [INFO] SecureMail - SecureMail application opened
[2014-07-23 23:08:31.896] [INFO] SecureMail - SecureMail application opened
[2014-07-23 23:08:40.043] [INFO] SecureMail - SecureMail application opened
[2014-07-23 23:08:48.283] [INFO] SecureMail - Attempting to log in user: andrewihassan@gmail.com
[2014-07-23 23:08:48.285] [INFO] SecureMail - User andrewihassan@gmail.com logged in.
[2014-07-23 23:08:49.511] [INFO] SecureMail - undefined: Opened inbox
[2014-07-23 23:08:49.511] [INFO] SecureMail - undefined: Opened inbox
[2014-07-23 23:08:49.829] [INFO] SecureMail - undefined: Retrieved inbox messages
[2014-07-23 23:08:49.829] [INFO] SecureMail - undefined: Retrieved inbox messages
[2014-07-23 23:36:36.547] [INFO] SecureMail - SecureMail application opened
[2014-07-23 23:36:41.523] [INFO] SecureMail - Attempting to log in user: andrewihassan@gmail.com
[2014-07-23 23:36:41.523] [INFO] SecureMail - Attempting to log in user: andrewihassan@gmail.com
[2014-07-23 23:36:41.526] [INFO] SecureMail - User andrewihassan@gmail.com logged in.
[2014-07-23 23:36:41.526] [INFO] SecureMail - User andrewihassan@gmail.com logged in.
[2014-07-23 23:36:42.583] [INFO] SecureMail - andrewihassan@gmail.com: Opened inbox
[2014-07-23 23:36:42.583] [INFO] SecureMail - andrewihassan@gmail.com: Opened inbox
[2014-07-23 23:36:42.583] [INFO] SecureMail - andrewihassan@gmail.com: Opened inbox
[2014-07-23 23:36:43.712] [INFO] SecureMail - andrewihassan@gmail.com: Retrieved inbox messages
[2014-07-23 23:36:43.712] [INFO] SecureMail - andrewihassan@gmail.com: Retrieved inbox messages
[2014-07-23 23:36:43.712] [INFO] SecureMail - andrewihassan@gmail.com: Retrieved inbox messages
[2014-07-23 23:36:54.119] [INFO] SecureMail - andrewihassan@gmail.com read message b8988cb4283864dab66a9eba417d1c12
[2014-07-23 23:36:54.119] [INFO] SecureMail - andrewihassan@gmail.com read message b8988cb4283864dab66a9eba417d1c12
[2014-07-23 23:36:54.119] [INFO] SecureMail - andrewihassan@gmail.com read message b8988cb4283864dab66a9eba417d1c12
[2014-07-23 23:36:58.595] [INFO] SecureMail - andrewihassan@gmail.com read message c6924104bd9d8703984dacc9d2ca0dfd
[2014-07-23 23:36:58.595] [INFO] SecureMail - andrewihassan@gmail.com read message c6924104bd9d8703984dacc9d2ca0dfd
[2014-07-23 23:36:58.595] [INFO] SecureMail - andrewihassan@gmail.com read message c6924104bd9d8703984dacc9d2ca0dfd
[2014-07-23 23:39:07.327] [INFO] SecureMail - SecureMail application opened
[2014-07-23 23:39:14.544] [INFO] SecureMail - Attempting to log in user: andrewihassan@gmail.com
[2014-07-23 23:39:14.546] [INFO] SecureMail - User andrewihassan@gmail.com logged in.
[2014-07-23 23:39:15.144] [INFO] SecureMail - andrewihassan@gmail.com: Opened inbox
[2014-07-23 23:39:15.500] [INFO] SecureMail - andrewihassan@gmail.com: Retrieved inbox messages
[2014-07-23 23:39:22.869] [INFO] SecureMail - andrewihassan@gmail.com read message b8988cb4283864dab66a9eba417d1c12
[2014-07-23 23:39:25.137] [INFO] SecureMail - andrewihassan@gmail.com read message bb9802499ca6ce5e3dfb7ac217437364
